[07.12.2021 11:05:14] [DEBUG] LogCore successfully launched!
[07.12.2021 11:05:14] [INFO] The application is running!
[07.12.2021 11:05:14] [INFO] Начинаю валидировать конфиг...
[07.12.2021 11:05:14] [INFO] Файл конфигурации найден!
[07.12.2021 11:05:14] [INFO] Файл конфигурации валиден!
[07.12.2021 11:05:14] [INFO] Начинаю валидировать шаблон квитанции...
[07.12.2021 11:05:14] [INFO] Шаблон квитанции конфигурации найден!
[07.12.2021 11:05:15] [DEBUG] Найдено 13 полей в шаблоне квитанции.
[07.12.2021 11:05:15] [INFO] Шаблон квитанции валиден!
[07.12.2021 11:05:15] [INFO] Система готова к работе!
[07.12.2021 11:05:40] [INFO] Получаю информацию из файла конфигурации...
[07.12.2021 11:05:40] [DEBUG] One:Тест
[07.12.2021 11:05:40] [DEBUG] Two:Тест
[07.12.2021 11:05:40] [DEBUG] Three:5263073696
[07.12.2021 11:05:40] [DEBUG] Four:
[07.12.2021 11:05:40] [DEBUG] Five:Receipt_Generator.Data.Receipt
[07.12.2021 11:05:40] [INFO] Генерирую QR код...
[07.12.2021 11:05:40] [INFO] Создаю квитанцию...
[07.12.2021 11:05:42] [INFO] Квитанция успешно создана!
[07.12.2021 11:05:43] [INFO] The application is stop!
[07.12.2021 11:12:05] [DEBUG] LogCore successfully launched!
[07.12.2021 11:12:05] [INFO] The application is running!
[07.12.2021 11:12:05] [INFO] Начинаю валидировать конфиг...
[07.12.2021 11:12:05] [INFO] Файл конфигурации найден!
[07.12.2021 11:12:05] [INFO] Файл конфигурации валиден!
[07.12.2021 11:12:05] [INFO] Начинаю валидировать шаблон квитанции...
[07.12.2021 11:12:05] [INFO] Шаблон квитанции конфигурации найден!
[07.12.2021 11:12:06] [DEBUG] Найдено 13 полей в шаблоне квитанции.
[07.12.2021 11:12:06] [INFO] Шаблон квитанции валиден!
[07.12.2021 11:12:06] [INFO] Система готова к работе!
[07.12.2021 11:12:55] [INFO] Получаю информацию из файла конфигурации...
[07.12.2021 11:12:55] [DEBUG] One:Тест
[07.12.2021 11:12:55] [DEBUG] Two:Тест
[07.12.2021 11:12:55] [DEBUG] Three:5263073696
[07.12.2021 11:12:55] [DEBUG] Four:
[07.12.2021 11:12:55] [DEBUG] Five:Receipt_Generator.Data.Receipt
[07.12.2021 11:12:55] [INFO] Генерирую QR код...
[07.12.2021 11:12:55] [INFO] Создаю квитанцию...
[07.12.2021 11:12:56] [INFO] Квитанция успешно создана!
[07.12.2021 11:12:58] [INFO] The application is stop!
